# JRE version: OpenJDK Runtime Environment (8.0_152-b01) (build 1.8.0_152-release-1343-b01)
# Java VM: OpenJDK 64-Bit Server VM (25.152-b01 mixed mode windows-amd64 compressed oops)
Heap:
 PSYoungGen      total 141312K, used 125004K [0x00000000e0000000, 0x00000000ea700000, 0x0000000100000000)
  eden space 131584K, 94% used [0x00000000e0000000,0x00000000e7a13048,0x00000000e8080000)
  from space 9728K, 0% used [0x00000000e8080000,0x00000000e8080000,0x00000000e8a00000)
  to   space 12800K, 64% used [0x00000000e9a80000,0x00000000ea29f2e0,0x00000000ea700000)
 ParOldGen       total 103936K, used 19372K [0x00000000a0000000, 0x00000000a6580000, 0x00000000e0000000)
  object space 103936K, 18% used [0x00000000a0000000,0x00000000a12eb0e8,0x00000000a6580000)
 Metaspace       used 42608K, capacity 43480K, committed 43736K, reserved 1087488K
  class space    used 5881K, capacity 6143K, committed 6144K, reserved 1048576K
GC Heap History (10 events):
Event: 3.438 GC heap before
{Heap before GC invocations=5 (full 0):
 PSYoungGen      total 71680K, used 19300K [0x00000000e0000000, 0x00000000e4b00000, 0x0000000100000000)
  eden space 66560K, 21% used [0x00000000e0000000,0x00000000e0ddabb0,0x00000000e4100000)
  from space 5120K, 99% used [0x00000000e4600000,0x00000000e4afe640,0x00000000e4b00000)
  to   space 5120K, 0% used [0x00000000e4100000,0x00000000e4100000,0x00000000e4600000)
 ParOldGen       total 87552K, used 6553K [0x00000000a0000000, 0x00000000a5580000, 0x00000000e0000000)
  object space 87552K, 7% used [0x00000000a0000000,0x00000000a0666740,0x00000000a5580000)
 Metaspace       used 20801K, capacity 21218K, committed 21248K, reserved 1067008K
  class space    used 2899K, capacity 3043K, committed 3072K, reserved 1048576K
Event: 3.449 GC heap after
Heap after GC invocations=5 (full 0):
 PSYoungGen      total 71680K, used 5107K [0x00000000e0000000, 0x00000000e9600000, 0x0000000100000000)
  eden space 66560K, 0% used [0x00000000e0000000,0x00000000e0000000,0x00000000e4100000)
  from space 5120K, 99% used [0x00000000e4100000,0x00000000e45fce88,0x00000000e4600000)
  to   space 10240K, 0% used [0x00000000e8c00000,0x00000000e8c00000,0x00000000e9600000)
 ParOldGen       total 87552K, used 9048K [0x00000000a0000000, 0x00000000a5580000, 0x00000000e0000000)
  object space 87552K, 10% used [0x00000000a0000000,0x00000000a08d6258,0x00000000a5580000)
 Metaspace       used 20801K, capacity 21218K, committed 21248K, reserved 1067008K
  class space    used 2899K, capacity 3043K, committed 3072K, reserved 1048576K
}
Event: 3.450 GC heap before
{Heap before GC invocations=6 (full 1):
 PSYoungGen      total 71680K, used 5107K [0x00000000e0000000, 0x00000000e9600000, 0x0000000100000000)
  eden space 66560K, 0% used [0x00000000e0000000,0x00000000e0000000,0x00000000e4100000)
  from space 5120K, 99% used [0x00000000e4100000,0x00000000e45fce88,0x00000000e4600000)
  to   space 10240K, 0% used [0x00000000e8c00000,0x00000000e8c00000,0x00000000e9600000)
 ParOldGen       total 87552K, used 9048K [0x00000000a0000000, 0x00000000a5580000, 0x00000000e0000000)
  object space 87552K, 10% used [0x00000000a0000000,0x00000000a08d6258,0x00000000a5580000)
 Metaspace       used 20801K, capacity 21218K, committed 21248K, reserved 1067008K
  class space    used 2899K, capacity 3043K, committed 3072K, reserved 1048576K
Event: 3.506 GC heap after
Heap after GC invocations=6 (full 1):
 PSYoungGen      total 71680K, used 0K [0x00000000e0000000, 0x00000000e9600000, 0x0000000100000000)
  eden space 66560K, 0% used [0x00000000e0000000,0x00000000e0000000,0x00000000e4100000)
  from space 5120K, 0% used [0x00000000e4100000,0x00000000e4100000,0x00000000e4600000)
  to   space 10240K, 0% used [0x00000000e8c00000,0x00000000e8c00000,0x00000000e9600000)
 ParOldGen       total 61952K, used 8156K [0x00000000a0000000, 0x00000000a3c80000, 0x00000000e0000000)
  object space 61952K, 13% used [0x00000000a0000000,0x00000000a07f7030,0x00000000a3c80000)
 Metaspace       used 20801K, capacity 21218K, committed 21248K, reserved 1067008K
  class space    used 2899K, capacity 3043K, committed 3072K, reserved 1048576K
}
Event: 4.721 GC heap before
{Heap before GC invocations=7 (full 1):
 PSYoungGen      total 71680K, used 66560K [0x00000000e0000000, 0x00000000e9600000, 0x0000000100000000)
  eden space 66560K, 100% used [0x00000000e0000000,0x00000000e4100000,0x00000000e4100000)
  from space 5120K, 0% used [0x00000000e4100000,0x00000000e4100000,0x00000000e4600000)
  to   space 10240K, 0% used [0x00000000e8c00000,0x00000000e8c00000,0x00000000e9600000)
 ParOldGen       total 61952K, used 8156K [0x00000000a0000000, 0x00000000a3c80000, 0x00000000e0000000)
  object space 61952K, 13% used [0x00000000a0000000,0x00000000a07f7030,0x00000000a3c80000)
 Metaspace       used 26624K, capacity 27138K, committed 27392K, reserved 1073152K
  class space    used 3675K, capacity 3834K, committed 3840K, reserved 1048576K
Event: 4.732 GC heap after
Heap after GC invocations=7 (full 1):
 PSYoungGen      total 107008K, used 7399K [0x00000000e0000000, 0x00000000e9380000, 0x0000000100000000)
  eden space 99328K, 0% used [0x00000000e0000000,0x00000000e0000000,0x00000000e6100000)
  from space 7680K, 96% used [0x00000000e8c00000,0x00000000e9339d78,0x00000000e9380000)
  to   space 9728K, 0% used [0x00000000e8080000,0x00000000e8080000,0x00000000e8a00000)
 ParOldGen       total 61952K, used 8164K [0x00000000a0000000, 0x00000000a3c80000, 0x00000000e0000000)
  object space 61952K, 13% used [0x00000000a0000000,0x00000000a07f9030,0x00000000a3c80000)
 Metaspace       used 26624K, capacity 27138K, committed 27392K, reserved 1073152K
  class space    used 3675K, capacity 3834K, committed 3840K, reserved 1048576K
}
Event: 6.393 GC heap before
{Heap before GC invocations=8 (full 1):
 PSYoungGen      total 107008K, used 95859K [0x00000000e0000000, 0x00000000e9380000, 0x0000000100000000)
  eden space 99328K, 89% used [0x00000000e0000000,0x00000000e5662eb8,0x00000000e6100000)
  from space 7680K, 96% used [0x00000000e8c00000,0x00000000e9339d78,0x00000000e9380000)
  to   space 9728K, 0% used [0x00000000e8080000,0x00000000e8080000,0x00000000e8a00000)
 ParOldGen       total 61952K, used 8164K [0x00000000a0000000, 0x00000000a3c80000, 0x00000000e0000000)
  object space 61952K, 13% used [0x00000000a0000000,0x00000000a07f9030,0x00000000a3c80000)
 Metaspace       used 34649K, capacity 35200K, committed 35416K, reserved 1079296K
  class space    used 4787K, capacity 4972K, committed 4992K, reserved 1048576K
Event: 6.410 GC heap after
Heap after GC invocations=8 (full 1):
 PSYoungGen      total 141312K, used 9711K [0x00000000e0000000, 0x00000000ea700000, 0x0000000100000000)
  eden space 131584K, 0% used [0x00000000e0000000,0x00000000e0000000,0x00000000e8080000)
  from space 9728K, 99% used [0x00000000e8080000,0x00000000e89fbc50,0x00000000e8a00000)
  to   space 12800K, 0% used [0x00000000e9a80000,0x00000000e9a80000,0x00000000ea700000)
 ParOldGen       total 61952K, used 11418K [0x00000000a0000000, 0x00000000a3c80000, 0x00000000e0000000)
  object space 61952K, 18% used [0x00000000a0000000,0x00000000a0b26b48,0x00000000a3c80000)
 Metaspace       used 34649K, capacity 35200K, committed 35416K, reserved 1079296K
  class space    used 4787K, capacity 4972K, committed 4992K, reserved 1048576K
}
Event: 6.410 GC heap before
{Heap before GC invocations=9 (full 2):
 PSYoungGen      total 141312K, used 9711K [0x00000000e0000000, 0x00000000ea700000, 0x0000000100000000)
  eden space 131584K, 0% used [0x00000000e0000000,0x00000000e0000000,0x00000000e8080000)
  from space 9728K, 99% used [0x00000000e8080000,0x00000000e89fbc50,0x00000000e8a00000)
  to   space 12800K, 0% used [0x00000000e9a80000,0x00000000e9a80000,0x00000000ea700000)
 ParOldGen       total 61952K, used 11418K [0x00000000a0000000, 0x00000000a3c80000, 0x00000000e0000000)
  object space 61952K, 18% used [0x00000000a0000000,0x00000000a0b26b48,0x00000000a3c80000)
 Metaspace       used 34649K, capacity 35200K, committed 35416K, reserved 1079296K
  class space    used 4787K, capacity 4972K, committed 4992K, reserved 1048576K
Event: 6.493 GC heap after
Heap after GC invocations=9 (full 2):
 PSYoungGen      total 141312K, used 0K [0x00000000e0000000, 0x00000000ea700000, 0x0000000100000000)
  eden space 131584K, 0% used [0x00000000e0000000,0x00000000e0000000,0x00000000e8080000)
  from space 9728K, 0% used [0x00000000e8080000,0x00000000e8080000,0x00000000e8a00000)
  to   space 12800K, 0% used [0x00000000e9a80000,0x00000000e9a80000,0x00000000ea700000)
 ParOldGen       total 103936K, used 19364K [0x00000000a0000000, 0x00000000a6580000, 0x00000000e0000000)
  object space 103936K, 18% used [0x00000000a0000000,0x00000000a12e90e8,0x00000000a6580000)
 Metaspace       used 34649K, capacity 35200K, committed 35416K, reserved 1079296K
  class space    used 4787K, capacity 4972K, committed 4992K, reserved 1048576K
}

