# JRE version: OpenJDK Runtime Environment (8.0_152-b01) (build 1.8.0_152-release-1343-b01)
# Java VM: OpenJDK 64-Bit Server VM (25.152-b01 mixed mode windows-amd64 compressed oops)
Heap:
 PSYoungGen      total 214016K, used 137689K [0x00000000e0000000, 0x00000000ee780000, 0x0000000100000000)
  eden space 199168K, 67% used [0x00000000e0000000,0x00000000e8417118,0x00000000ec280000)
  from space 14848K, 16% used [0x00000000ed900000,0x00000000edb5f5e8,0x00000000ee780000)
  to   space 18944K, 0% used [0x00000000ec280000,0x00000000ec280000,0x00000000ed500000)
 ParOldGen       total 142336K, used 43546K [0x00000000a0000000, 0x00000000a8b00000, 0x00000000e0000000)
  object space 142336K, 30% used [0x00000000a0000000,0x00000000a2a86908,0x00000000a8b00000)
 Metaspace       used 68619K, capacity 71486K, committed 71768K, reserved 1112064K
  class space    used 9219K, capacity 9806K, committed 9856K, reserved 1048576K
GC Heap History (10 events):
Event: 11.430 GC heap before
{Heap before GC invocations=15 (full 2):
 PSYoungGen      total 136192K, used 73217K [0x00000000e0000000, 0x00000000ea380000, 0x0000000100000000)
  eden space 122880K, 48% used [0x00000000e0000000,0x00000000e3a81628,0x00000000e7800000)
  from space 13312K, 99% used [0x00000000e8900000,0x00000000e95feee0,0x00000000e9600000)
  to   space 17408K, 0% used [0x00000000e7800000,0x00000000e7800000,0x00000000e8900000)
 ParOldGen       total 90112K, used 25475K [0x00000000a0000000, 0x00000000a5800000, 0x00000000e0000000)
  object space 90112K, 28% used [0x00000000a0000000,0x00000000a18e0d20,0x00000000a5800000)
 Metaspace       used 57203K, capacity 58896K, committed 58968K, reserved 1099776K
  class space    used 7819K, capacity 8257K, committed 8320K, reserved 1048576K
Event: 11.440 GC heap after
Heap after GC invocations=15 (full 2):
 PSYoungGen      total 140288K, used 3671K [0x00000000e0000000, 0x00000000eb380000, 0x0000000100000000)
  eden space 122880K, 0% used [0x00000000e0000000,0x00000000e0000000,0x00000000e7800000)
  from space 17408K, 21% used [0x00000000e7800000,0x00000000e7b95ef8,0x00000000e8900000)
  to   space 17408K, 0% used [0x00000000ea280000,0x00000000ea280000,0x00000000eb380000)
 ParOldGen       total 90112K, used 35890K [0x00000000a0000000, 0x00000000a5800000, 0x00000000e0000000)
  object space 90112K, 39% used [0x00000000a0000000,0x00000000a230cb48,0x00000000a5800000)
 Metaspace       used 57203K, capacity 58896K, committed 58968K, reserved 1099776K
  class space    used 7819K, capacity 8257K, committed 8320K, reserved 1048576K
}
Event: 11.440 GC heap before
{Heap before GC invocations=16 (full 3):
 PSYoungGen      total 140288K, used 3671K [0x00000000e0000000, 0x00000000eb380000, 0x0000000100000000)
  eden space 122880K, 0% used [0x00000000e0000000,0x00000000e0000000,0x00000000e7800000)
  from space 17408K, 21% used [0x00000000e7800000,0x00000000e7b95ef8,0x00000000e8900000)
  to   space 17408K, 0% used [0x00000000ea280000,0x00000000ea280000,0x00000000eb380000)
 ParOldGen       total 90112K, used 35890K [0x00000000a0000000, 0x00000000a5800000, 0x00000000e0000000)
  object space 90112K, 39% used [0x00000000a0000000,0x00000000a230cb48,0x00000000a5800000)
 Metaspace       used 57203K, capacity 58896K, committed 58968K, reserved 1099776K
  class space    used 7819K, capacity 8257K, committed 8320K, reserved 1048576K
Event: 11.706 GC heap after
Heap after GC invocations=16 (full 3):
 PSYoungGen      total 140288K, used 0K [0x00000000e0000000, 0x00000000eb380000, 0x0000000100000000)
  eden space 122880K, 0% used [0x00000000e0000000,0x00000000e0000000,0x00000000e7800000)
  from space 17408K, 0% used [0x00000000e7800000,0x00000000e7800000,0x00000000e8900000)
  to   space 17408K, 0% used [0x00000000ea280000,0x00000000ea280000,0x00000000eb380000)
 ParOldGen       total 142336K, used 32252K [0x00000000a0000000, 0x00000000a8b00000, 0x00000000e0000000)
  object space 142336K, 22% used [0x00000000a0000000,0x00000000a1f7f3b8,0x00000000a8b00000)
 Metaspace       used 57193K, capacity 58882K, committed 58968K, reserved 1099776K
  class space    used 7815K, capacity 8250K, committed 8320K, reserved 1048576K
}
Event: 21.066 GC heap before
{Heap before GC invocations=17 (full 3):
 PSYoungGen      total 140288K, used 122482K [0x00000000e0000000, 0x00000000eb380000, 0x0000000100000000)
  eden space 122880K, 99% used [0x00000000e0000000,0x00000000e779cb58,0x00000000e7800000)
  from space 17408K, 0% used [0x00000000e7800000,0x00000000e7800000,0x00000000e8900000)
  to   space 17408K, 0% used [0x00000000ea280000,0x00000000ea280000,0x00000000eb380000)
 ParOldGen       total 142336K, used 32252K [0x00000000a0000000, 0x00000000a8b00000, 0x00000000e0000000)
  object space 142336K, 22% used [0x00000000a0000000,0x00000000a1f7f3b8,0x00000000a8b00000)
 Metaspace       used 62006K, capacity 63874K, committed 64088K, reserved 1103872K
  class space    used 8332K, capacity 8774K, committed 8832K, reserved 1048576K
Event: 21.077 GC heap after
Heap after GC invocations=17 (full 3):
 PSYoungGen      total 155648K, used 12960K [0x00000000e0000000, 0x00000000eaf80000, 0x0000000100000000)
  eden space 142336K, 0% used [0x00000000e0000000,0x00000000e0000000,0x00000000e8b00000)
  from space 13312K, 97% used [0x00000000ea280000,0x00000000eaf28070,0x00000000eaf80000)
  to   space 18432K, 0% used [0x00000000e8b80000,0x00000000e8b80000,0x00000000e9d80000)
 ParOldGen       total 142336K, used 32268K [0x00000000a0000000, 0x00000000a8b00000, 0x00000000e0000000)
  object space 142336K, 22% used [0x00000000a0000000,0x00000000a1f833b8,0x00000000a8b00000)
 Metaspace       used 62006K, capacity 63874K, committed 64088K, reserved 1103872K
  class space    used 8332K, capacity 8774K, committed 8832K, reserved 1048576K
}
Event: 21.097 GC heap before
{Heap before GC invocations=18 (full 3):
 PSYoungGen      total 155648K, used 154287K [0x00000000e0000000, 0x00000000eaf80000, 0x0000000100000000)
  eden space 142336K, 99% used [0x00000000e0000000,0x00000000e8a03e28,0x00000000e8b00000)
  from space 13312K, 97% used [0x00000000ea280000,0x00000000eaf28070,0x00000000eaf80000)
  to   space 18432K, 0% used [0x00000000e8b80000,0x00000000e8b80000,0x00000000e9d80000)
 ParOldGen       total 142336K, used 32268K [0x00000000a0000000, 0x00000000a8b00000, 0x00000000e0000000)
  object space 142336K, 22% used [0x00000000a0000000,0x00000000a1f833b8,0x00000000a8b00000)
 Metaspace       used 62011K, capacity 63874K, committed 64088K, reserved 1103872K
  class space    used 8332K, capacity 8774K, committed 8832K, reserved 1048576K
Event: 21.105 GC heap after
Heap after GC invocations=18 (full 3):
 PSYoungGen      total 161280K, used 11864K [0x00000000e0000000, 0x00000000eeb00000, 0x0000000100000000)
  eden space 142848K, 0% used [0x00000000e0000000,0x00000000e0000000,0x00000000e8b80000)
  from space 18432K, 64% used [0x00000000e8b80000,0x00000000e9716078,0x00000000e9d80000)
  to   space 18432K, 0% used [0x00000000ed900000,0x00000000ed900000,0x00000000eeb00000)
 ParOldGen       total 142336K, used 32276K [0x00000000a0000000, 0x00000000a8b00000, 0x00000000e0000000)
  object space 142336K, 22% used [0x00000000a0000000,0x00000000a1f853b8,0x00000000a8b00000)
 Metaspace       used 62011K, capacity 63874K, committed 64088K, reserved 1103872K
  class space    used 8332K, capacity 8774K, committed 8832K, reserved 1048576K
}
Event: 36.066 GC heap before
{Heap before GC invocations=19 (full 3):
 PSYoungGen      total 161280K, used 154712K [0x00000000e0000000, 0x00000000eeb00000, 0x0000000100000000)
  eden space 142848K, 100% used [0x00000000e0000000,0x00000000e8b80000,0x00000000e8b80000)
  from space 18432K, 64% used [0x00000000e8b80000,0x00000000e9716078,0x00000000e9d80000)
  to   space 18432K, 0% used [0x00000000ed900000,0x00000000ed900000,0x00000000eeb00000)
 ParOldGen       total 142336K, used 32276K [0x00000000a0000000, 0x00000000a8b00000, 0x00000000e0000000)
  object space 142336K, 22% used [0x00000000a0000000,0x00000000a1f853b8,0x00000000a8b00000)
 Metaspace       used 62848K, capacity 64936K, committed 64984K, reserved 1105920K
  class space    used 8445K, capacity 8937K, committed 8960K, reserved 1048576K
Event: 36.075 GC heap after
Heap after GC invocations=19 (full 3):
 PSYoungGen      total 214016K, used 2429K [0x00000000e0000000, 0x00000000ee780000, 0x0000000100000000)
  eden space 199168K, 0% used [0x00000000e0000000,0x00000000e0000000,0x00000000ec280000)
  from space 14848K, 16% used [0x00000000ed900000,0x00000000edb5f5e8,0x00000000ee780000)
  to   space 18944K, 0% used [0x00000000ec280000,0x00000000ec280000,0x00000000ed500000)
 ParOldGen       total 142336K, used 43546K [0x00000000a0000000, 0x00000000a8b00000, 0x00000000e0000000)
  object space 142336K, 30% used [0x00000000a0000000,0x00000000a2a86908,0x00000000a8b00000)
 Metaspace       used 62848K, capacity 64936K, committed 64984K, reserved 1105920K
  class space    used 8445K, capacity 8937K, committed 8960K, reserved 1048576K
}

