# JRE version: OpenJDK Runtime Environment (8.0_152-b01) (build 1.8.0_152-release-1343-b01)
# Java VM: OpenJDK 64-Bit Server VM (25.152-b01 mixed mode windows-amd64 compressed oops)
Heap:
 PSYoungGen      total 158720K, used 79030K [0x00000000e0000000, 0x00000000ec000000, 0x0000000100000000)
  eden space 136704K, 43% used [0x00000000e0000000,0x00000000e39d0840,0x00000000e8580000)
  from space 22016K, 90% used [0x00000000e8580000,0x00000000e98dd178,0x00000000e9b00000)
  to   space 24576K, 0% used [0x00000000ea800000,0x00000000ea800000,0x00000000ec000000)
 ParOldGen       total 148992K, used 33424K [0x00000000a0000000, 0x00000000a9180000, 0x00000000e0000000)
  object space 148992K, 22% used [0x00000000a0000000,0x00000000a20a4050,0x00000000a9180000)
 Metaspace       used 71489K, capacity 74046K, committed 74072K, reserved 1114112K
  class space    used 9240K, capacity 9849K, committed 9856K, reserved 1048576K
GC Heap History (10 events):
Event: 17.132 GC heap before
{Heap before GC invocations=16 (full 2):
 PSYoungGen      total 117760K, used 64321K [0x00000000e0000000, 0x00000000e9a80000, 0x0000000100000000)
  eden space 102912K, 48% used [0x00000000e0000000,0x00000000e30563a8,0x00000000e6480000)
  from space 14848K, 99% used [0x00000000e6480000,0x00000000e72fa1d8,0x00000000e7300000)
  to   space 18432K, 0% used [0x00000000e8880000,0x00000000e8880000,0x00000000e9a80000)
 ParOldGen       total 100352K, used 23187K [0x00000000a0000000, 0x00000000a6200000, 0x00000000e0000000)
  object space 100352K, 23% used [0x00000000a0000000,0x00000000a16a4c10,0x00000000a6200000)
 Metaspace       used 57197K, capacity 58904K, committed 58968K, reserved 1099776K
  class space    used 7640K, capacity 8059K, committed 8064K, reserved 1048576K
Event: 17.147 GC heap after
Heap after GC invocations=16 (full 2):
 PSYoungGen      total 137728K, used 16327K [0x00000000e0000000, 0x00000000ea100000, 0x0000000100000000)
  eden space 119296K, 0% used [0x00000000e0000000,0x00000000e0000000,0x00000000e7480000)
  from space 18432K, 88% used [0x00000000e8880000,0x00000000e9871c08,0x00000000e9a80000)
  to   space 20480K, 0% used [0x00000000e7480000,0x00000000e7480000,0x00000000e8880000)
 ParOldGen       total 100352K, used 25535K [0x00000000a0000000, 0x00000000a6200000, 0x00000000e0000000)
  object space 100352K, 25% used [0x00000000a0000000,0x00000000a18efd68,0x00000000a6200000)
 Metaspace       used 57197K, capacity 58904K, committed 58968K, reserved 1099776K
  class space    used 7640K, capacity 8059K, committed 8064K, reserved 1048576K
}
Event: 17.147 GC heap before
{Heap before GC invocations=17 (full 3):
 PSYoungGen      total 137728K, used 16327K [0x00000000e0000000, 0x00000000ea100000, 0x0000000100000000)
  eden space 119296K, 0% used [0x00000000e0000000,0x00000000e0000000,0x00000000e7480000)
  from space 18432K, 88% used [0x00000000e8880000,0x00000000e9871c08,0x00000000e9a80000)
  to   space 20480K, 0% used [0x00000000e7480000,0x00000000e7480000,0x00000000e8880000)
 ParOldGen       total 100352K, used 25535K [0x00000000a0000000, 0x00000000a6200000, 0x00000000e0000000)
  object space 100352K, 25% used [0x00000000a0000000,0x00000000a18efd68,0x00000000a6200000)
 Metaspace       used 57197K, capacity 58904K, committed 58968K, reserved 1099776K
  class space    used 7640K, capacity 8059K, committed 8064K, reserved 1048576K
Event: 17.419 GC heap after
Heap after GC invocations=17 (full 3):
 PSYoungGen      total 137728K, used 0K [0x00000000e0000000, 0x00000000ea100000, 0x0000000100000000)
  eden space 119296K, 0% used [0x00000000e0000000,0x00000000e0000000,0x00000000e7480000)
  from space 18432K, 0% used [0x00000000e8880000,0x00000000e8880000,0x00000000e9a80000)
  to   space 20480K, 0% used [0x00000000e7480000,0x00000000e7480000,0x00000000e8880000)
 ParOldGen       total 148992K, used 33400K [0x00000000a0000000, 0x00000000a9180000, 0x00000000e0000000)
  object space 148992K, 22% used [0x00000000a0000000,0x00000000a209e050,0x00000000a9180000)
 Metaspace       used 57159K, capacity 58798K, committed 58968K, reserved 1099776K
  class space    used 7628K, capacity 8045K, committed 8064K, reserved 1048576K
}
Event: 32.878 GC heap before
{Heap before GC invocations=18 (full 3):
 PSYoungGen      total 137728K, used 119296K [0x00000000e0000000, 0x00000000ea100000, 0x0000000100000000)
  eden space 119296K, 100% used [0x00000000e0000000,0x00000000e7480000,0x00000000e7480000)
  from space 18432K, 0% used [0x00000000e8880000,0x00000000e8880000,0x00000000e9a80000)
  to   space 20480K, 0% used [0x00000000e7480000,0x00000000e7480000,0x00000000e8880000)
 ParOldGen       total 148992K, used 33400K [0x00000000a0000000, 0x00000000a9180000, 0x00000000e0000000)
  object space 148992K, 22% used [0x00000000a0000000,0x00000000a209e050,0x00000000a9180000)
 Metaspace       used 61194K, capacity 63006K, committed 63192K, reserved 1103872K
  class space    used 8200K, capacity 8657K, committed 8704K, reserved 1048576K
Event: 32.885 GC heap after
Heap after GC invocations=18 (full 3):
 PSYoungGen      total 139776K, used 8252K [0x00000000e0000000, 0x00000000eaf00000, 0x0000000100000000)
  eden space 119296K, 0% used [0x00000000e0000000,0x00000000e0000000,0x00000000e7480000)
  from space 20480K, 40% used [0x00000000e7480000,0x00000000e7c8f058,0x00000000e8880000)
  to   space 19456K, 0% used [0x00000000e9c00000,0x00000000e9c00000,0x00000000eaf00000)
 ParOldGen       total 148992K, used 33408K [0x00000000a0000000, 0x00000000a9180000, 0x00000000e0000000)
  object space 148992K, 22% used [0x00000000a0000000,0x00000000a20a0050,0x00000000a9180000)
 Metaspace       used 61194K, capacity 63006K, committed 63192K, reserved 1103872K
  class space    used 8200K, capacity 8657K, committed 8704K, reserved 1048576K
}
Event: 62.749 GC heap before
{Heap before GC invocations=19 (full 3):
 PSYoungGen      total 139776K, used 127548K [0x00000000e0000000, 0x00000000eaf00000, 0x0000000100000000)
  eden space 119296K, 100% used [0x00000000e0000000,0x00000000e7480000,0x00000000e7480000)
  from space 20480K, 40% used [0x00000000e7480000,0x00000000e7c8f058,0x00000000e8880000)
  to   space 19456K, 0% used [0x00000000e9c00000,0x00000000e9c00000,0x00000000eaf00000)
 ParOldGen       total 148992K, used 33408K [0x00000000a0000000, 0x00000000a9180000, 0x00000000e0000000)
  object space 148992K, 22% used [0x00000000a0000000,0x00000000a20a0050,0x00000000a9180000)
 Metaspace       used 65910K, capacity 68052K, committed 68312K, reserved 1107968K
  class space    used 8657K, capacity 9172K, committed 9216K, reserved 1048576K
Event: 62.767 GC heap after
Heap after GC invocations=19 (full 3):
 PSYoungGen      total 156160K, used 18927K [0x00000000e0000000, 0x00000000eb080000, 0x0000000100000000)
  eden space 136704K, 0% used [0x00000000e0000000,0x00000000e0000000,0x00000000e8580000)
  from space 19456K, 97% used [0x00000000e9c00000,0x00000000eae7bc00,0x00000000eaf00000)
  to   space 22016K, 0% used [0x00000000e8580000,0x00000000e8580000,0x00000000e9b00000)
 ParOldGen       total 148992K, used 33416K [0x00000000a0000000, 0x00000000a9180000, 0x00000000e0000000)
  object space 148992K, 22% used [0x00000000a0000000,0x00000000a20a2050,0x00000000a9180000)
 Metaspace       used 65910K, capacity 68052K, committed 68312K, reserved 1107968K
  class space    used 8657K, capacity 9172K, committed 9216K, reserved 1048576K
}
Event: 88.640 GC heap before
{Heap before GC invocations=20 (full 3):
 PSYoungGen      total 156160K, used 155631K [0x00000000e0000000, 0x00000000eb080000, 0x0000000100000000)
  eden space 136704K, 100% used [0x00000000e0000000,0x00000000e8580000,0x00000000e8580000)
  from space 19456K, 97% used [0x00000000e9c00000,0x00000000eae7bc00,0x00000000eaf00000)
  to   space 22016K, 0% used [0x00000000e8580000,0x00000000e8580000,0x00000000e9b00000)
 ParOldGen       total 148992K, used 33416K [0x00000000a0000000, 0x00000000a9180000, 0x00000000e0000000)
  object space 148992K, 22% used [0x00000000a0000000,0x00000000a20a2050,0x00000000a9180000)
 Metaspace       used 70496K, capacity 72736K, committed 72920K, reserved 1112064K
  class space    used 9119K, capacity 9648K, committed 9728K, reserved 1048576K
Event: 88.661 GC heap after
Heap after GC invocations=20 (full 3):
 PSYoungGen      total 158720K, used 19828K [0x00000000e0000000, 0x00000000ec000000, 0x0000000100000000)
  eden space 136704K, 0% used [0x00000000e0000000,0x00000000e0000000,0x00000000e8580000)
  from space 22016K, 90% used [0x00000000e8580000,0x00000000e98dd178,0x00000000e9b00000)
  to   space 24576K, 0% used [0x00000000ea800000,0x00000000ea800000,0x00000000ec000000)
 ParOldGen       total 148992K, used 33424K [0x00000000a0000000, 0x00000000a9180000, 0x00000000e0000000)
  object space 148992K, 22% used [0x00000000a0000000,0x00000000a20a4050,0x00000000a9180000)
 Metaspace       used 70496K, capacity 72736K, committed 72920K, reserved 1112064K
  class space    used 9119K, capacity 9648K, committed 9728K, reserved 1048576K
}

